<?xml version="1.0" encoding="UTF-8"?>
<testsuite xmlns:xsi="http://www.w3.org/2001/XMLSchema-instance" xsi:noNamespaceSchemaLocation="https://maven.apache.org/surefire/maven-surefire-plugin/xsd/surefire-test-report.xsd" name="com.lee.AppTest" time="0.018" tests="1" errors="0" skipped="0" failures="0">
  <properties>
    <property name="sun.desktop" value="windows"/>
    <property name="awt.toolkit" value="sun.awt.windows.WToolkit"/>
    <property name="file.encoding.pkg" value="sun.io"/>
    <property name="java.specification.version" value="1.8"/>
    <property name="sun.cpu.isalist" value="amd64"/>
    <property name="sun.jnu.encoding" value="GBK"/>
    <property name="java.class.path" value="G:\workSpaces\LearnDemo\ThinkingInJAVA\target\test-classes;G:\workSpaces\LearnDemo\ThinkingInJAVA\target\classes;G:\downLoad\repository\org\junit\jupiter\junit-jupiter-api\5.7.0-M1\junit-jupiter-api-5.7.0-M1.jar;G:\downLoad\repository\org\apiguardian\apiguardian-api\1.1.0\apiguardian-api-1.1.0.jar;G:\downLoad\repository\org\opentest4j\opentest4j\1.2.0\opentest4j-1.2.0.jar;G:\downLoad\repository\org\junit\platform\junit-platform-commons\1.7.0-M1\junit-platform-commons-1.7.0-M1.jar;G:\downLoad\repository\junit\junit\4.11\junit-4.11.jar;G:\downLoad\repository\org\hamcrest\hamcrest-core\1.3\hamcrest-core-1.3.jar;G:\downLoad\repository\org\quartz-scheduler\quartz\2.3.0\quartz-2.3.0.jar;G:\downLoad\repository\com\mchange\c3p0\0.9.5.2\c3p0-0.9.5.2.jar;G:\downLoad\repository\com\mchange\mchange-commons-java\0.2.11\mchange-commons-java-0.2.11.jar;G:\downLoad\repository\com\zaxxer\HikariCP-java6\2.3.13\HikariCP-java6-2.3.13.jar;G:\downLoad\repository\org\slf4j\slf4j-simple\1.7.26\slf4j-simple-1.7.26.jar;G:\downLoad\repository\org\slf4j\slf4j-api\1.7.26\slf4j-api-1.7.26.jar;"/>
    <property name="java.vm.vendor" value="Oracle Corporation"/>
    <property name="sun.arch.data.model" value="64"/>
    <property name="user.variant" value=""/>
    <property name="java.vendor.url" value="http://java.oracle.com/"/>
    <property name="user.timezone" value="Asia/Shanghai"/>
    <property name="java.vm.specification.version" value="1.8"/>
    <property name="os.name" value="Windows 10"/>
    <property name="user.country" value="CN"/>
    <property name="sun.java.launcher" value="SUN_STANDARD"/>
    <property name="sun.boot.library.path" value="G:\software\jdk\jdk1.8.0_171\jre\bin"/>
    <property name="sun.java.command" value="C:\Users\lee\AppData\Local\Temp\surefire5082958996822994326\surefirebooter5027464566250206735.jar C:\Users\lee\AppData\Local\Temp\surefire5082958996822994326 2020-07-15T21-18-39_876-jvmRun1 surefire1721144286316761506tmp surefire_07492763948796077324tmp"/>
    <property name="surefire.test.class.path" value="G:\workSpaces\LearnDemo\ThinkingInJAVA\target\test-classes;G:\workSpaces\LearnDemo\ThinkingInJAVA\target\classes;G:\downLoad\repository\org\junit\jupiter\junit-jupiter-api\5.7.0-M1\junit-jupiter-api-5.7.0-M1.jar;G:\downLoad\repository\org\apiguardian\apiguardian-api\1.1.0\apiguardian-api-1.1.0.jar;G:\downLoad\repository\org\opentest4j\opentest4j\1.2.0\opentest4j-1.2.0.jar;G:\downLoad\repository\org\junit\platform\junit-platform-commons\1.7.0-M1\junit-platform-commons-1.7.0-M1.jar;G:\downLoad\repository\junit\junit\4.11\junit-4.11.jar;G:\downLoad\repository\org\hamcrest\hamcrest-core\1.3\hamcrest-core-1.3.jar;G:\downLoad\repository\org\quartz-scheduler\quartz\2.3.0\quartz-2.3.0.jar;G:\downLoad\repository\com\mchange\c3p0\0.9.5.2\c3p0-0.9.5.2.jar;G:\downLoad\repository\com\mchange\mchange-commons-java\0.2.11\mchange-commons-java-0.2.11.jar;G:\downLoad\repository\com\zaxxer\HikariCP-java6\2.3.13\HikariCP-java6-2.3.13.jar;G:\downLoad\repository\org\slf4j\slf4j-simple\1.7.26\slf4j-simple-1.7.26.jar;G:\downLoad\repository\org\slf4j\slf4j-api\1.7.26\slf4j-api-1.7.26.jar;"/>
    <property name="sun.cpu.endian" value="little"/>
    <property name="user.home" value="C:\Users\lee"/>
    <property name="user.language" value="zh"/>
    <property name="java.specification.vendor" value="Oracle Corporation"/>
    <property name="java.home" value="G:\software\jdk\jdk1.8.0_171\jre"/>
    <property name="basedir" value="G:\workSpaces\LearnDemo\ThinkingInJAVA"/>
    <property name="file.separator" value="\"/>
    <property name="line.separator" value="&#10;"/>
    <property name="java.vm.specification.vendor" value="Oracle Corporation"/>
    <property name="java.specification.name" value="Java Platform API Specification"/>
    <property name="java.awt.graphicsenv" value="sun.awt.Win32GraphicsEnvironment"/>
    <property name="surefire.real.class.path" value="C:\Users\lee\AppData\Local\Temp\surefire5082958996822994326\surefirebooter5027464566250206735.jar"/>
    <property name="sun.boot.class.path" value="G:\software\jdk\jdk1.8.0_171\jre\lib\resources.jar;G:\software\jdk\jdk1.8.0_171\jre\lib\rt.jar;G:\software\jdk\jdk1.8.0_171\jre\lib\sunrsasign.jar;G:\software\jdk\jdk1.8.0_171\jre\lib\jsse.jar;G:\software\jdk\jdk1.8.0_171\jre\lib\jce.jar;G:\software\jdk\jdk1.8.0_171\jre\lib\charsets.jar;G:\software\jdk\jdk1.8.0_171\jre\lib\jfr.jar;G:\software\jdk\jdk1.8.0_171\jre\classes"/>
    <property name="user.script" value=""/>
    <property name="sun.management.compiler" value="HotSpot 64-Bit Tiered Compilers"/>
    <property name="java.runtime.version" value="1.8.0_171-b11"/>
    <property name="user.name" value="lee"/>
    <property name="path.separator" value=";"/>
    <property name="os.version" value="10.0"/>
    <property name="java.endorsed.dirs" value="G:\software\jdk\jdk1.8.0_171\jre\lib\endorsed"/>
    <property name="java.runtime.name" value="Java(TM) SE Runtime Environment"/>
    <property name="file.encoding" value="GBK"/>
    <property name="java.vm.name" value="Java HotSpot(TM) 64-Bit Server VM"/>
    <property name="localRepository" value="G:\downLoad\repository"/>
    <property name="java.vendor.url.bug" value="http://bugreport.sun.com/bugreport/"/>
    <property name="java.io.tmpdir" value="C:\Users\lee\AppData\Local\Temp\"/>
    <property name="java.version" value="1.8.0_171"/>
    <property name="user.dir" value="G:\workSpaces\LearnDemo\ThinkingInJAVA"/>
    <property name="os.arch" value="amd64"/>
    <property name="java.vm.specification.name" value="Java Virtual Machine Specification"/>
    <property name="java.awt.printerjob" value="sun.awt.windows.WPrinterJob"/>
    <property name="idea.version2019.1.3" value="true"/>
    <property name="sun.os.patch.level" value=""/>
    <property name="java.library.path" value="G:\software\jdk\jdk1.8.0_171\jre\bin;C:\Windows\Sun\Java\bin;C:\Windows\system32;C:\Windows;C:\Windows\system32;C:\Windows;C:\Windows\System32\Wbem;C:\Windows\System32\WindowsPowerShell\v1.0\;C:\Windows\System32\OpenSSH\;G:\software\jdk\jdk1.8.0_171\bin;C:\Program Files (x86)\NVIDIA Corporation\PhysX\Common;G:\software\Git\cmd;G:\software\gradle-6.2-all\gradle-6.2\bin;G:\software\IntelliJ IDEA 2019.1.3\plugins\maven\lib\maven3\bin;G:\nodeJs\;C:\Users\lee\AppData\Local\Microsoft\WindowsApps;C:\Users\lee\AppData\Roaming\npm;."/>
    <property name="java.vm.info" value="mixed mode"/>
    <property name="java.vendor" value="Oracle Corporation"/>
    <property name="java.vm.version" value="25.171-b11"/>
    <property name="java.ext.dirs" value="G:\software\jdk\jdk1.8.0_171\jre\lib\ext;C:\Windows\Sun\Java\lib\ext"/>
    <property name="sun.io.unicode.encoding" value="UnicodeLittle"/>
    <property name="maven.repo.local" value="G:\downLoad\repository"/>
    <property name="java.class.version" value="52.0"/>
  </properties>
  <testcase name="shouldAnswerWithTrue" classname="com.lee.AppTest" time="0.001"/>
</testsuite>